<?xml version='1.0' encoding='UTF-8'?>
<testsuite hostname="Zoller-Family-iMac.local" name="co.blocke.deploysample.TestMe" tests="1" errors="0" failures="0" skipped="0" time="0.049" timestamp="2021-03-10T22:41:08">
                     <properties>
[...]
</properties>
                     <testcase classname="co.blocke.deploysample.TestMe" name="it works" time="0.049">
                                                 
                                               </testcase>
                     <system-out><![CDATA[]]></system-out>
                     <system-err><![CDATA[]]></system-err>
                   </testsuite>